mode: set
github.com/wikiocracy/cryptoballot/cryptoballot/Ballot.go:36.51,49.36 2 1
github.com/wikiocracy/cryptoballot/cryptoballot/Ballot.go:54.2,58.9 3 1
github.com/wikiocracy/cryptoballot/cryptoballot/Ballot.go:85.2,88.25 3 1
github.com/wikiocracy/cryptoballot/cryptoballot/Ballot.go:91.2,91.42 1 1
github.com/wikiocracy/cryptoballot/cryptoballot/Ballot.go:95.2,96.16 2 1
github.com/wikiocracy/cryptoballot/cryptoballot/Ballot.go:100.2,100.18 1 1
github.com/wikiocracy/cryptoballot/cryptoballot/Ballot.go:109.2,109.18 1 1
github.com/wikiocracy/cryptoballot/cryptoballot/Ballot.go:119.2,126.21 2 1
github.com/wikiocracy/cryptoballot/cryptoballot/Ballot.go:49.36,51.3 1 0
github.com/wikiocracy/cryptoballot/cryptoballot/Ballot.go:59.2,61.14 2 1
github.com/wikiocracy/cryptoballot/cryptoballot/Ballot.go:62.2,64.45 1 0
github.com/wikiocracy/cryptoballot/cryptoballot/Ballot.go:78.2,80.14 2 1
github.com/wikiocracy/cryptoballot/cryptoballot/Ballot.go:81.2,82.76 1 0
github.com/wikiocracy/cryptoballot/cryptoballot/Ballot.go:64.45,68.4 2 0
github.com/wikiocracy/cryptoballot/cryptoballot/Ballot.go:68.5,70.61 1 0
github.com/wikiocracy/cryptoballot/cryptoballot/Ballot.go:70.61,73.5 2 0
github.com/wikiocracy/cryptoballot/cryptoballot/Ballot.go:73.6,76.5 2 0
github.com/wikiocracy/cryptoballot/cryptoballot/Ballot.go:88.25,90.3 1 0
github.com/wikiocracy/cryptoballot/cryptoballot/Ballot.go:91.42,93.3 1 0
github.com/wikiocracy/cryptoballot/cryptoballot/Ballot.go:96.16,98.3 1 0
github.com/wikiocracy/cryptoballot/cryptoballot/Ballot.go:100.18,102.17 2 1
github.com/wikiocracy/cryptoballot/cryptoballot/Ballot.go:102.17,104.4 1 0
github.com/wikiocracy/cryptoballot/cryptoballot/Ballot.go:105.4,107.3 1 1
github.com/wikiocracy/cryptoballot/cryptoballot/Ballot.go:109.18,111.17 2 1
github.com/wikiocracy/cryptoballot/cryptoballot/Ballot.go:111.17,113.4 1 0
github.com/wikiocracy/cryptoballot/cryptoballot/Ballot.go:114.4,116.3 1 1
github.com/wikiocracy/cryptoballot/cryptoballot/Ballot.go:130.59,131.28 1 1
github.com/wikiocracy/cryptoballot/cryptoballot/Ballot.go:134.2,135.24 2 1
github.com/wikiocracy/cryptoballot/cryptoballot/Ballot.go:138.2,138.56 1 1
github.com/wikiocracy/cryptoballot/cryptoballot/Ballot.go:131.28,133.3 1 0
github.com/wikiocracy/cryptoballot/cryptoballot/Ballot.go:135.24,137.3 1 1
github.com/wikiocracy/cryptoballot/cryptoballot/Ballot.go:143.39,146.24 2 1
github.com/wikiocracy/cryptoballot/cryptoballot/Ballot.go:149.2,149.27 1 1
github.com/wikiocracy/cryptoballot/cryptoballot/Ballot.go:153.2,153.10 1 1
github.com/wikiocracy/cryptoballot/cryptoballot/Ballot.go:146.24,148.3 1 1
github.com/wikiocracy/cryptoballot/cryptoballot/Ballot.go:149.27,151.3 1 1
github.com/wikiocracy/cryptoballot/cryptoballot/Ballot.go:157.42,163.2 5 1
github.com/wikiocracy/cryptoballot/cryptoballot/Ballot.go:166.40,168.2 1 1
github.com/wikiocracy/cryptoballot/cryptoballot/Ballot.go:172.43,174.2 1 1
github.com/wikiocracy/cryptoballot/cryptoballot/Ballot.go:181.41,183.21 2 1
github.com/wikiocracy/cryptoballot/cryptoballot/Ballot.go:186.2,186.35 1 1
github.com/wikiocracy/cryptoballot/cryptoballot/Ballot.go:189.2,189.37 1 1
github.com/wikiocracy/cryptoballot/cryptoballot/Ballot.go:193.2,196.8 1 1
github.com/wikiocracy/cryptoballot/cryptoballot/Ballot.go:183.21,185.3 1 0
github.com/wikiocracy/cryptoballot/cryptoballot/Ballot.go:186.35,188.3 1 0
github.com/wikiocracy/cryptoballot/cryptoballot/Ballot.go:189.37,191.3 1 0
github.com/wikiocracy/cryptoballot/cryptoballot/Ballot.go:199.33,201.2 1 1
github.com/wikiocracy/cryptoballot/cryptoballot/Ballot.go:205.50,208.31 3 1
github.com/wikiocracy/cryptoballot/cryptoballot/Ballot.go:215.2,215.20 1 1
github.com/wikiocracy/cryptoballot/cryptoballot/Ballot.go:208.31,210.17 2 1
github.com/wikiocracy/cryptoballot/cryptoballot/Ballot.go:213.3,213.18 1 1
github.com/wikiocracy/cryptoballot/cryptoballot/Ballot.go:210.17,212.4 1 0
github.com/wikiocracy/cryptoballot/cryptoballot/Ballot.go:218.39,220.30 2 1
github.com/wikiocracy/cryptoballot/cryptoballot/Ballot.go:223.2,223.15 1 1
github.com/wikiocracy/cryptoballot/cryptoballot/Ballot.go:220.30,222.3 1 1
github.com/wikiocracy/cryptoballot/cryptoballot/Ballot.go:226.45,228.30 2 1
github.com/wikiocracy/cryptoballot/cryptoballot/Ballot.go:231.2,231.15 1 1
github.com/wikiocracy/cryptoballot/cryptoballot/Ballot.go:228.30,230.3 1 1
github.com/wikiocracy/cryptoballot/cryptoballot/Ballot.go:234.41,236.30 2 1
github.com/wikiocracy/cryptoballot/cryptoballot/Ballot.go:239.2,239.15 1 1
github.com/wikiocracy/cryptoballot/cryptoballot/Ballot.go:236.30,238.3 1 1
github.com/wikiocracy/cryptoballot/cryptoballot/Ballot.go:242.47,244.30 2 1
github.com/wikiocracy/cryptoballot/cryptoballot/Ballot.go:247.2,247.15 1 1
github.com/wikiocracy/cryptoballot/cryptoballot/Ballot.go:244.30,246.3 1 1
github.com/wikiocracy/cryptoballot/cryptoballot/Ballot.go:250.39,252.30 2 1
github.com/wikiocracy/cryptoballot/cryptoballot/Ballot.go:258.2,258.15 1 1
github.com/wikiocracy/cryptoballot/cryptoballot/Ballot.go:252.30,254.26 2 1
github.com/wikiocracy/cryptoballot/cryptoballot/Ballot.go:254.26,256.4 1 1
github.com/wikiocracy/cryptoballot/cryptoballot/FulfilledSignatureRequest.go:8.102,13.2 1 0
github.com/wikiocracy/cryptoballot/cryptoballot/FulfilledSignatureRequest.go:15.61,17.2 1 0
github.com/wikiocracy/cryptoballot/cryptoballot/PublicKey.go:27.62,31.16 4 1
github.com/wikiocracy/cryptoballot/cryptoballot/PublicKey.go:34.2,38.16 3 1
github.com/wikiocracy/cryptoballot/cryptoballot/PublicKey.go:41.2,41.49 1 1
github.com/wikiocracy/cryptoballot/cryptoballot/PublicKey.go:44.2,44.31 1 1
github.com/wikiocracy/cryptoballot/cryptoballot/PublicKey.go:48.2,48.16 1 1
github.com/wikiocracy/cryptoballot/cryptoballot/PublicKey.go:31.16,33.3 1 1
github.com/wikiocracy/cryptoballot/cryptoballot/PublicKey.go:38.16,40.3 1 0
github.com/wikiocracy/cryptoballot/cryptoballot/PublicKey.go:41.49,43.3 1 0
github.com/wikiocracy/cryptoballot/cryptoballot/PublicKey.go:44.31,46.3 1 1
github.com/wikiocracy/cryptoballot/cryptoballot/PublicKey.go:52.71,54.16 2 1
github.com/wikiocracy/cryptoballot/cryptoballot/PublicKey.go:57.2,57.33 1 1
github.com/wikiocracy/cryptoballot/cryptoballot/PublicKey.go:54.16,56.3 1 0
github.com/wikiocracy/cryptoballot/cryptoballot/PublicKey.go:61.37,63.2 1 1
github.com/wikiocracy/cryptoballot/cryptoballot/PublicKey.go:66.36,68.2 1 1
github.com/wikiocracy/cryptoballot/cryptoballot/PublicKey.go:71.60,73.16 2 1
github.com/wikiocracy/cryptoballot/cryptoballot/PublicKey.go:76.2,76.37 1 1
github.com/wikiocracy/cryptoballot/cryptoballot/PublicKey.go:73.16,75.3 1 1
github.com/wikiocracy/cryptoballot/cryptoballot/PublicKey.go:80.40,86.2 5 1
github.com/wikiocracy/cryptoballot/cryptoballot/PublicKey.go:89.46,91.16 2 1
github.com/wikiocracy/cryptoballot/cryptoballot/PublicKey.go:94.2,94.31 1 1
github.com/wikiocracy/cryptoballot/cryptoballot/PublicKey.go:91.16,93.3 1 1
github.com/wikiocracy/cryptoballot/cryptoballot/PublicKey.go:98.36,99.18 1 1
github.com/wikiocracy/cryptoballot/cryptoballot/PublicKey.go:99.18,101.3 1 1
github.com/wikiocracy/cryptoballot/cryptoballot/PublicKey.go:101.4,103.3 1 1
github.com/wikiocracy/cryptoballot/cryptoballot/Signature.go:16.62,19.16 3 1
github.com/wikiocracy/cryptoballot/cryptoballot/Signature.go:22.2,22.13 1 1
github.com/wikiocracy/cryptoballot/cryptoballot/Signature.go:25.2,27.28 2 1
github.com/wikiocracy/cryptoballot/cryptoballot/Signature.go:19.16,21.3 1 1
github.com/wikiocracy/cryptoballot/cryptoballot/Signature.go:22.13,24.3 1 0
github.com/wikiocracy/cryptoballot/cryptoballot/Signature.go:31.38,33.2 1 1
github.com/wikiocracy/cryptoballot/cryptoballot/Signature.go:36.37,38.2 1 1
github.com/wikiocracy/cryptoballot/cryptoballot/Signature.go:40.74,42.16 2 1
github.com/wikiocracy/cryptoballot/cryptoballot/Signature.go:46.2,48.78 3 1
github.com/wikiocracy/cryptoballot/cryptoballot/Signature.go:42.16,44.3 1 1
github.com/wikiocracy/cryptoballot/cryptoballot/SignatureRequest.go:24.81,39.9 4 1
github.com/wikiocracy/cryptoballot/cryptoballot/SignatureRequest.go:48.2,51.16 3 1
github.com/wikiocracy/cryptoballot/cryptoballot/SignatureRequest.go:55.2,56.60 2 1
github.com/wikiocracy/cryptoballot/cryptoballot/SignatureRequest.go:60.2,62.16 3 1
github.com/wikiocracy/cryptoballot/cryptoballot/SignatureRequest.go:65.2,65.22 1 1
github.com/wikiocracy/cryptoballot/cryptoballot/SignatureRequest.go:69.2,69.13 1 1
github.com/wikiocracy/cryptoballot/cryptoballot/SignatureRequest.go:78.2,87.27 2 1
github.com/wikiocracy/cryptoballot/cryptoballot/SignatureRequest.go:94.2,94.21 1 1
github.com/wikiocracy/cryptoballot/cryptoballot/SignatureRequest.go:40.2,41.18 1 0
github.com/wikiocracy/cryptoballot/cryptoballot/SignatureRequest.go:42.2,43.17 1 1
github.com/wikiocracy/cryptoballot/cryptoballot/SignatureRequest.go:44.2,45.90 1 0
github.com/wikiocracy/cryptoballot/cryptoballot/SignatureRequest.go:51.16,53.3 1 0
github.com/wikiocracy/cryptoballot/cryptoballot/SignatureRequest.go:56.60,58.3 1 0
github.com/wikiocracy/cryptoballot/cryptoballot/SignatureRequest.go:62.16,64.3 1 0
github.com/wikiocracy/cryptoballot/cryptoballot/SignatureRequest.go:65.22,67.3 1 0
github.com/wikiocracy/cryptoballot/cryptoballot/SignatureRequest.go:69.13,71.17 2 1
github.com/wikiocracy/cryptoballot/cryptoballot/SignatureRequest.go:71.17,73.4 1 0
github.com/wikiocracy/cryptoballot/cryptoballot/SignatureRequest.go:74.4,76.3 1 0
github.com/wikiocracy/cryptoballot/cryptoballot/SignatureRequest.go:87.27,88.49 1 1
github.com/wikiocracy/cryptoballot/cryptoballot/SignatureRequest.go:88.49,90.4 1 0
github.com/wikiocracy/cryptoballot/cryptoballot/SignatureRequest.go:98.57,99.28 1 1
github.com/wikiocracy/cryptoballot/cryptoballot/SignatureRequest.go:102.2,104.70 2 1
github.com/wikiocracy/cryptoballot/cryptoballot/SignatureRequest.go:99.28,101.3 1 0
github.com/wikiocracy/cryptoballot/cryptoballot/SignatureRequest.go:109.49,111.27 2 1
github.com/wikiocracy/cryptoballot/cryptoballot/SignatureRequest.go:114.2,114.10 1 1
github.com/wikiocracy/cryptoballot/cryptoballot/SignatureRequest.go:111.27,113.3 1 1
github.com/wikiocracy/cryptoballot/cryptoballot/SignatureRequest.go:118.84,121.16 3 1
github.com/wikiocracy/cryptoballot/cryptoballot/SignatureRequest.go:125.2,126.16 2 1
github.com/wikiocracy/cryptoballot/cryptoballot/SignatureRequest.go:130.2,131.23 2 1
github.com/wikiocracy/cryptoballot/cryptoballot/SignatureRequest.go:121.16,123.3 1 0
github.com/wikiocracy/cryptoballot/cryptoballot/SignatureRequest.go:126.16,128.3 1 0
github.com/wikiocracy/cryptoballot/cryptoballot/SignatureRequest.go:136.53,138.2 1 1
github.com/wikiocracy/cryptoballot/cryptoballot/Vote.go:9.44,11.2 1 1
github.com/wikiocracy/cryptoballot/cryptoballot/Vote.go:13.35,15.33 2 1
github.com/wikiocracy/cryptoballot/cryptoballot/Vote.go:21.2,21.15 1 1
github.com/wikiocracy/cryptoballot/cryptoballot/Vote.go:15.33,17.24 2 1
github.com/wikiocracy/cryptoballot/cryptoballot/Vote.go:17.24,19.4 1 1
