mode: set
github.com/wikiocracy/cryptoballot/cryptoballot/Ballot.go:30.51,43.21 3 1
github.com/wikiocracy/cryptoballot/cryptoballot/Ballot.go:51.2,54.25 3 1
github.com/wikiocracy/cryptoballot/cryptoballot/Ballot.go:57.2,57.42 1 1
github.com/wikiocracy/cryptoballot/cryptoballot/Ballot.go:61.2,62.16 2 1
github.com/wikiocracy/cryptoballot/cryptoballot/Ballot.go:66.2,66.13 1 1
github.com/wikiocracy/cryptoballot/cryptoballot/Ballot.go:75.2,75.13 1 1
github.com/wikiocracy/cryptoballot/cryptoballot/Ballot.go:80.2,80.16 1 1
github.com/wikiocracy/cryptoballot/cryptoballot/Ballot.go:84.2,93.21 2 1
github.com/wikiocracy/cryptoballot/cryptoballot/Ballot.go:43.21,45.3 1 0
github.com/wikiocracy/cryptoballot/cryptoballot/Ballot.go:45.4,45.28 1 1
github.com/wikiocracy/cryptoballot/cryptoballot/Ballot.go:45.28,47.3 1 1
github.com/wikiocracy/cryptoballot/cryptoballot/Ballot.go:47.4,49.3 1 0
github.com/wikiocracy/cryptoballot/cryptoballot/Ballot.go:54.25,56.3 1 0
github.com/wikiocracy/cryptoballot/cryptoballot/Ballot.go:57.42,59.3 1 0
github.com/wikiocracy/cryptoballot/cryptoballot/Ballot.go:62.16,64.3 1 0
github.com/wikiocracy/cryptoballot/cryptoballot/Ballot.go:66.13,68.17 2 1
github.com/wikiocracy/cryptoballot/cryptoballot/Ballot.go:68.17,70.4 1 0
github.com/wikiocracy/cryptoballot/cryptoballot/Ballot.go:71.4,73.3 1 0
github.com/wikiocracy/cryptoballot/cryptoballot/Ballot.go:75.13,77.3 1 1
github.com/wikiocracy/cryptoballot/cryptoballot/Ballot.go:77.4,79.3 1 0
github.com/wikiocracy/cryptoballot/cryptoballot/Ballot.go:80.16,82.3 1 0
github.com/wikiocracy/cryptoballot/cryptoballot/Ballot.go:96.59,98.24 2 1
github.com/wikiocracy/cryptoballot/cryptoballot/Ballot.go:112.2,112.78 1 1
github.com/wikiocracy/cryptoballot/cryptoballot/Ballot.go:98.24,105.3 1 1
github.com/wikiocracy/cryptoballot/cryptoballot/Ballot.go:105.4,111.3 1 0
github.com/wikiocracy/cryptoballot/cryptoballot/Ballot.go:115.39,117.24 2 1
github.com/wikiocracy/cryptoballot/cryptoballot/Ballot.go:134.2,134.32 1 1
github.com/wikiocracy/cryptoballot/cryptoballot/Ballot.go:117.24,125.3 1 1
github.com/wikiocracy/cryptoballot/cryptoballot/Ballot.go:125.4,132.3 1 0
github.com/wikiocracy/cryptoballot/cryptoballot/Ballot.go:137.40,139.2 1 1
github.com/wikiocracy/cryptoballot/cryptoballot/Ballot.go:146.41,148.21 2 1
github.com/wikiocracy/cryptoballot/cryptoballot/Ballot.go:151.2,151.35 1 1
github.com/wikiocracy/cryptoballot/cryptoballot/Ballot.go:154.2,154.37 1 1
github.com/wikiocracy/cryptoballot/cryptoballot/Ballot.go:158.2,161.8 1 1
github.com/wikiocracy/cryptoballot/cryptoballot/Ballot.go:148.21,150.3 1 0
github.com/wikiocracy/cryptoballot/cryptoballot/Ballot.go:151.35,153.3 1 0
github.com/wikiocracy/cryptoballot/cryptoballot/Ballot.go:154.37,156.3 1 0
github.com/wikiocracy/cryptoballot/cryptoballot/Ballot.go:164.33,166.2 1 1
github.com/wikiocracy/cryptoballot/cryptoballot/Ballot.go:170.50,173.31 3 1
github.com/wikiocracy/cryptoballot/cryptoballot/Ballot.go:180.2,180.20 1 1
github.com/wikiocracy/cryptoballot/cryptoballot/Ballot.go:173.31,175.17 2 1
github.com/wikiocracy/cryptoballot/cryptoballot/Ballot.go:178.3,178.18 1 1
github.com/wikiocracy/cryptoballot/cryptoballot/Ballot.go:175.17,177.4 1 0
github.com/wikiocracy/cryptoballot/cryptoballot/Ballot.go:183.39,185.30 2 1
github.com/wikiocracy/cryptoballot/cryptoballot/Ballot.go:188.2,188.15 1 1
github.com/wikiocracy/cryptoballot/cryptoballot/Ballot.go:185.30,187.3 1 1
github.com/wikiocracy/cryptoballot/cryptoballot/Ballot.go:191.45,193.30 2 1
github.com/wikiocracy/cryptoballot/cryptoballot/Ballot.go:196.2,196.15 1 1
github.com/wikiocracy/cryptoballot/cryptoballot/Ballot.go:193.30,195.3 1 1
github.com/wikiocracy/cryptoballot/cryptoballot/Ballot.go:199.41,201.30 2 1
github.com/wikiocracy/cryptoballot/cryptoballot/Ballot.go:204.2,204.15 1 1
github.com/wikiocracy/cryptoballot/cryptoballot/Ballot.go:201.30,203.3 1 1
github.com/wikiocracy/cryptoballot/cryptoballot/Ballot.go:207.47,209.30 2 1
github.com/wikiocracy/cryptoballot/cryptoballot/Ballot.go:212.2,212.15 1 1
github.com/wikiocracy/cryptoballot/cryptoballot/Ballot.go:209.30,211.3 1 1
github.com/wikiocracy/cryptoballot/cryptoballot/Ballot.go:215.39,217.30 2 1
github.com/wikiocracy/cryptoballot/cryptoballot/Ballot.go:223.2,223.15 1 1
github.com/wikiocracy/cryptoballot/cryptoballot/Ballot.go:217.30,219.26 2 1
github.com/wikiocracy/cryptoballot/cryptoballot/Ballot.go:219.26,221.4 1 1
github.com/wikiocracy/cryptoballot/cryptoballot/FulfilledSignatureRequest.go:8.102,13.2 1 0
github.com/wikiocracy/cryptoballot/cryptoballot/FulfilledSignatureRequest.go:15.61,17.2 1 0
github.com/wikiocracy/cryptoballot/cryptoballot/PublicKey.go:16.62,19.16 3 1
github.com/wikiocracy/cryptoballot/cryptoballot/PublicKey.go:22.2,24.27 2 1
github.com/wikiocracy/cryptoballot/cryptoballot/PublicKey.go:19.16,21.3 1 1
github.com/wikiocracy/cryptoballot/cryptoballot/PublicKey.go:28.37,30.2 1 1
github.com/wikiocracy/cryptoballot/cryptoballot/PublicKey.go:33.36,35.2 1 1
github.com/wikiocracy/cryptoballot/cryptoballot/PublicKey.go:38.60,40.16 2 1
github.com/wikiocracy/cryptoballot/cryptoballot/PublicKey.go:43.2,43.37 1 1
github.com/wikiocracy/cryptoballot/cryptoballot/PublicKey.go:40.16,42.3 1 1
github.com/wikiocracy/cryptoballot/cryptoballot/PublicKey.go:47.40,53.2 5 1
github.com/wikiocracy/cryptoballot/cryptoballot/PublicKey.go:55.36,56.18 1 1
github.com/wikiocracy/cryptoballot/cryptoballot/PublicKey.go:56.18,58.3 1 1
github.com/wikiocracy/cryptoballot/cryptoballot/PublicKey.go:58.4,60.3 1 1
github.com/wikiocracy/cryptoballot/cryptoballot/Signature.go:16.62,19.16 3 1
github.com/wikiocracy/cryptoballot/cryptoballot/Signature.go:22.2,22.13 1 1
github.com/wikiocracy/cryptoballot/cryptoballot/Signature.go:25.2,27.28 2 1
github.com/wikiocracy/cryptoballot/cryptoballot/Signature.go:19.16,21.3 1 1
github.com/wikiocracy/cryptoballot/cryptoballot/Signature.go:22.13,24.3 1 0
github.com/wikiocracy/cryptoballot/cryptoballot/Signature.go:31.38,33.2 1 1
github.com/wikiocracy/cryptoballot/cryptoballot/Signature.go:36.37,38.2 1 1
github.com/wikiocracy/cryptoballot/cryptoballot/Signature.go:40.74,42.16 2 1
github.com/wikiocracy/cryptoballot/cryptoballot/Signature.go:46.2,48.78 3 1
github.com/wikiocracy/cryptoballot/cryptoballot/Signature.go:42.16,44.3 1 1
github.com/wikiocracy/cryptoballot/cryptoballot/SignatureRequest.go:25.81,37.21 3 1
github.com/wikiocracy/cryptoballot/cryptoballot/SignatureRequest.go:41.2,44.16 3 1
github.com/wikiocracy/cryptoballot/cryptoballot/SignatureRequest.go:48.2,49.52 2 1
github.com/wikiocracy/cryptoballot/cryptoballot/SignatureRequest.go:53.2,55.16 3 1
github.com/wikiocracy/cryptoballot/cryptoballot/SignatureRequest.go:58.2,58.22 1 1
github.com/wikiocracy/cryptoballot/cryptoballot/SignatureRequest.go:62.2,63.16 2 1
github.com/wikiocracy/cryptoballot/cryptoballot/SignatureRequest.go:67.2,76.48 2 1
github.com/wikiocracy/cryptoballot/cryptoballot/SignatureRequest.go:81.2,81.21 1 1
github.com/wikiocracy/cryptoballot/cryptoballot/SignatureRequest.go:37.21,39.3 1 0
github.com/wikiocracy/cryptoballot/cryptoballot/SignatureRequest.go:44.16,46.3 1 0
github.com/wikiocracy/cryptoballot/cryptoballot/SignatureRequest.go:49.52,51.3 1 0
github.com/wikiocracy/cryptoballot/cryptoballot/SignatureRequest.go:55.16,57.3 1 0
github.com/wikiocracy/cryptoballot/cryptoballot/SignatureRequest.go:58.22,60.3 1 0
github.com/wikiocracy/cryptoballot/cryptoballot/SignatureRequest.go:63.16,65.3 1 0
github.com/wikiocracy/cryptoballot/cryptoballot/SignatureRequest.go:76.48,78.3 1 0
github.com/wikiocracy/cryptoballot/cryptoballot/SignatureRequest.go:85.57,94.2 2 1
github.com/wikiocracy/cryptoballot/cryptoballot/SignatureRequest.go:97.49,106.2 2 1
github.com/wikiocracy/cryptoballot/cryptoballot/SignatureRequest.go:109.84,112.16 3 1
github.com/wikiocracy/cryptoballot/cryptoballot/SignatureRequest.go:116.2,117.16 2 1
github.com/wikiocracy/cryptoballot/cryptoballot/SignatureRequest.go:121.2,122.23 2 1
github.com/wikiocracy/cryptoballot/cryptoballot/SignatureRequest.go:112.16,114.3 1 0
github.com/wikiocracy/cryptoballot/cryptoballot/SignatureRequest.go:117.16,119.3 1 0
github.com/wikiocracy/cryptoballot/cryptoballot/Vote.go:9.44,11.2 1 1
github.com/wikiocracy/cryptoballot/cryptoballot/Vote.go:13.35,15.33 2 1
github.com/wikiocracy/cryptoballot/cryptoballot/Vote.go:21.2,21.15 1 1
github.com/wikiocracy/cryptoballot/cryptoballot/Vote.go:15.33,17.24 2 1
github.com/wikiocracy/cryptoballot/cryptoballot/Vote.go:17.24,19.4 1 1
